2023-05-18 16:43:04,147 Initial synchronization started.
2023-05-18 16:43:30,537 Initial synchronization started.
2023-05-18 16:47:10,374 Initial synchronization started.
2023-05-18 18:19:02,782 Initial synchronization started.
2023-05-18 18:20:48,092 Initial synchronization started.
2023-05-18 18:23:32,412 Initial synchronization started.
2023-05-18 18:23:32,422 Copied file: project_replica\Documents\info.txt
2023-05-18 18:23:32,431 Copied file: project_replica\Images\surprised.jpg
2023-05-18 18:25:38,858 Initial synchronization started.
2023-05-18 18:27:38,888 Copied file: project_replica\Documents\heeei.txt
2023-05-18 18:35:18,371 Initial synchronization started.
2023-05-18 18:41:25,875 Initial synchronization started.
2023-05-18 18:42:41,317 Initial synchronization started.
2023-05-18 18:42:41,322 Copied file: project_replica\Documents\infoo_2.txt
2023-05-18 18:42:41,327 Removed file: project_replica\Documents\info_2.txt
2023-05-18 18:43:41,346 Copied file: project_replica\Documents\infoo_2.txt
2023-05-18 18:43:41,352 Removed file: project_replica\Images\surprised.jpg
2023-05-18 18:45:32,957 Initial synchronization started.
2023-05-18 18:46:32,967 Copied file: project_replica\Documents\info.txt
2023-05-18 18:46:32,972 Updated file in source folder: project\Documents\infoo_2.txt
2023-05-18 18:56:49,298 Initial synchronization started.
2023-05-18 18:57:49,317 Copied file: project_replica\Documents\tralala.txt
2023-05-18 18:57:49,326 Copied file: project_replica\Images\New Probe Document.DAT
